<?xml version="1.0" encoding="UTF-8"?>
<!-- Generated by org.testng.reporters.JUnitReportReporter -->
<testsuite name="testcases.TC_001" tests="2" time="19.992" ignored="0" failures="0" timestamp="06 Jun 2017 13:08:38 GMT" skipped="0" hostname="DT-ARRCHNNA" errors="0">
  <testcase name="test2" time="9.737" classname="testcases.TC_001"/>
  <testcase name="test1" time="10.255" classname="testcases.TC_001"/>
</testsuite> <!-- testcases.TC_001 -->
